2022-04-05 11:50:10,846:INFO:Values:  92 
2022-04-05 11:50:10,846:INFO:Values:  78 
2022-04-05 11:50:10,846:INFO:Values:  65 
2022-04-05 11:50:10,846:INFO:Values:  67 
2022-04-05 11:50:10,846:DEBUG:Sum of values: 302.0 
2022-04-05 11:50:10,846:DEBUG:Average: ((302.0) / 4) = 75.5
2022-04-05 11:50:10,846:DEBUG:Calculated grade symbol for: 75.5 = B
2022-04-05 11:50:10,846:INFO:Writing data to output csv file: Joe, Soap,75.5,B
2022-04-05 11:50:10,846:INFO:Values:  81 
2022-04-05 11:50:10,846:INFO:Values:  79 
2022-04-05 11:50:10,846:INFO:Values:  83 
2022-04-05 11:50:10,846:INFO:Values:  89 
2022-04-05 11:50:10,846:DEBUG:Sum of values: 332.0 
2022-04-05 11:50:10,846:DEBUG:Average: ((332.0) / 4) = 83.0
2022-04-05 11:50:10,846:DEBUG:Calculated grade symbol for: 83.0 = A
2022-04-05 11:50:10,846:INFO:Writing data to output csv file: Jane, Doe,83.0,A
2022-04-05 11:50:10,846:INFO:Values:  63 
2022-04-05 11:50:10,846:INFO:Values:  52 
2022-04-05 11:50:10,846:INFO:Values:  65 
2022-04-05 11:50:10,846:INFO:Values:  71 
2022-04-05 11:50:10,846:DEBUG:Sum of values: 251.0 
2022-04-05 11:50:10,846:DEBUG:Average: ((251.0) / 4) = 62.8
2022-04-05 11:50:10,846:DEBUG:Calculated grade symbol for: 62.8 = C
2022-04-05 11:50:10,846:INFO:Writing data to output csv file: Mary, Poppins,62.8,C
2022-04-05 11:50:10,846:INFO:Values:  23 
2022-04-05 11:50:10,846:INFO:Values:  42 
2022-04-05 11:50:10,846:INFO:Values:  50 
2022-04-05 11:50:10,846:INFO:Values:  44 
2022-04-05 11:50:10,846:DEBUG:Sum of values: 159.0 
2022-04-05 11:50:10,846:DEBUG:Average: ((159.0) / 4) = 39.8
2022-04-05 11:50:10,846:DEBUG:Calculated grade symbol for: 39.8 = F
2022-04-05 11:50:10,846:INFO:Writing data to output csv file: Mario, Rossi,39.8,F
2022-04-05 11:50:10,846:INFO:Values:  56 
2022-04-05 11:50:10,846:INFO:Values:  67 
2022-04-05 11:50:10,846:INFO:Values:  72 
2022-04-05 11:50:10,846:INFO:Values:  72 
2022-04-05 11:50:10,846:DEBUG:Sum of values: 267.0 
2022-04-05 11:50:10,846:DEBUG:Average: ((267.0) / 4) = 66.8
2022-04-05 11:50:10,846:DEBUG:Calculated grade symbol for: 66.8 = C
2022-04-05 11:50:10,846:INFO:Writing data to output csv file: John, Smith,66.8,C
2022-04-05 11:50:10,846:INFO:Values:  81 
2022-04-05 11:50:10,846:INFO:Values:  62 
2022-04-05 11:50:10,846:INFO:Values:  53 
2022-04-05 11:50:10,846:INFO:Values:  59 
2022-04-05 11:50:10,846:DEBUG:Sum of values: 255.0 
2022-04-05 11:50:10,846:DEBUG:Average: ((255.0) / 4) = 63.8
2022-04-05 11:50:10,846:DEBUG:Calculated grade symbol for: 63.8 = C
2022-04-05 11:50:10,846:INFO:Writing data to output csv file: Tom, Cruz,63.8,C
2022-04-05 11:50:10,846:INFO:Values:  41 
2022-04-05 11:50:10,846:INFO:Values:  48 
2022-04-05 11:50:10,846:INFO:Values:  51 
2022-04-05 11:50:10,846:INFO:Values:  53 
2022-04-05 11:50:10,846:DEBUG:Sum of values: 193.0 
2022-04-05 11:50:10,846:DEBUG:Average: ((193.0) / 4) = 48.2
2022-04-05 11:50:10,846:DEBUG:Calculated grade symbol for: 48.2 = E
2022-04-05 11:50:10,846:INFO:Writing data to output csv file: Jim, Beglin,48.2,E
2022-04-05 11:50:10,846:INFO:Values:  55 
2022-04-05 11:50:10,861:INFO:Values:  55 
2022-04-05 11:50:10,861:INFO:Values:  66 
2022-04-05 11:50:10,861:INFO:Values:  58 
2022-04-05 11:50:10,861:DEBUG:Sum of values: 234.0 
2022-04-05 11:50:10,861:DEBUG:Average: ((234.0) / 4) = 58.5
2022-04-05 11:50:10,861:DEBUG:Calculated grade symbol for: 58.5 = D
2022-04-05 11:50:10,861:INFO:Writing data to output csv file: Peter, Shmooks,58.5,D
2022-04-05 11:50:10,861:INFO:Values:  57 
2022-04-05 11:50:10,861:INFO:Values:  87 
2022-04-05 11:50:10,861:INFO:Values:  95 
2022-04-05 11:50:10,861:INFO:Values:  64 
2022-04-05 11:50:10,861:DEBUG:Sum of values: 303.0 
2022-04-05 11:50:10,861:DEBUG:Average: ((303.0) / 4) = 75.8
2022-04-05 11:50:10,861:DEBUG:Calculated grade symbol for: 75.8 = B
2022-04-05 11:50:10,861:INFO:Writing data to output csv file: Hans, Meier,75.8,B
2022-04-05 11:50:10,861:INFO:Values:  97 
2022-04-05 11:50:10,861:INFO:Values:  91 
2022-04-05 11:50:10,861:INFO:Values:  86 
2022-04-05 11:50:10,861:INFO:Values:  73 
2022-04-05 11:50:10,861:DEBUG:Sum of values: 347.0 
2022-04-05 11:50:10,861:DEBUG:Average: ((347.0) / 4) = 86.8
2022-04-05 11:50:10,861:DEBUG:Calculated grade symbol for: 86.8 = A
2022-04-05 11:50:10,861:INFO:Writing data to output csv file: Jackie, Brown,86.8,A
